#
# There is insufficient memory for the Java Runtime Environment to continue.
# Native memory allocation (mmap) failed to map 132120576 bytes. Error detail: G1 virtual space
# Possible reasons:
#   The system is out of physical RAM or swap space
#   This process is running with CompressedOops enabled, and the Java Heap may be blocking the growth of the native heap
# Possible solutions:
#   Reduce memory load on the system
#   Increase physical memory or swap space
#   Check if swap backing store is full
#   Decrease Java heap size (-Xmx/-Xms)
#   Decrease number of Java threads
#   Decrease Java thread stack sizes (-Xss)
#   Set larger code cache with -XX:ReservedCodeCacheSize=
#   JVM is running with Unscaled Compressed Oops mode in which the Java heap is
#     placed in the first 4GB address space. The Java Heap base address is the
#     maximum limit for the native heap growth. Please use -XX:HeapBaseMinAddress
#     to set the Java Heap base and to place the Java Heap above 4GB virtual address.
# This output file may be truncated or incomplete.
#
#  Out of Memory Error (os_windows.cpp:3613), pid=21688, tid=40296
#
# JRE version:  (17.0.12+7) (build )
# Java VM: OpenJDK 64-Bit Server VM (17.0.12+7, mixed mode, emulated-client, sharing, tiered, compressed oops, compressed class ptrs, g1 gc, windows-amd64)
# No core dump will be written. Minidumps are not enabled by default on client versions of Windows
#

---------------  S U M M A R Y ------------

Command Line: -Xmx1024m -Dsts.lsp.client=vscode -Dsts.log.file=/dev/null -XX:TieredStopAtLevel=1 -Xlog:jni+resolve=off c:\Users\57316\.vscode\extensions\vmware.vscode-spring-boot-1.57.0\language-server\spring-boot-language-server-1.57.0-SNAPSHOT-exec.jar

Host: Intel(R) Core(TM) i5-9300H CPU @ 2.40GHz, 8 cores, 7G,  Windows 11 , 64 bit Build 22621 (10.0.22621.3958)
Time: Sun Sep 29 23:15:18 2024 Hora est. Pacífico, Sudamérica elapsed time: 0.134880 seconds (0d 0h 0m 0s)

---------------  T H R E A D  ---------------

Current thread (0x000001c9b744c640):  JavaThread "Unknown thread" [_thread_in_vm, id=40296, stack(0x0000000671500000,0x0000000671600000)]

Stack: [0x0000000671500000,0x0000000671600000]
Native frames: (J=compiled Java code, j=interpreted, Vv=VM code, C=native code)
V  [jvm.dll+0x67f929]
V  [jvm.dll+0x8371ba]
V  [jvm.dll+0x838c7e]
V  [jvm.dll+0x8392e3]
V  [jvm.dll+0x24834f]
V  [jvm.dll+0x67c6e9]
V  [jvm.dll+0x6711aa]
V  [jvm.dll+0x307f7b]
V  [jvm.dll+0x30f476]
V  [jvm.dll+0x35f63e]
V  [jvm.dll+0x35f87f]
V  [jvm.dll+0x2def9c]
V  [jvm.dll+0x2dfef4]
V  [jvm.dll+0x808a4b]
V  [jvm.dll+0x36d3b1]
V  [jvm.dll+0x7e7425]
V  [jvm.dll+0x3f0edf]
V  [jvm.dll+0x3f2a31]
C  [jli.dll+0x528f]
C  [ucrtbase.dll+0x29333]
C  [KERNEL32.DLL+0x1257d]
C  [ntdll.dll+0x5af28]


---------------  P R O C E S S  ---------------

Threads class SMR info:
_java_thread_list=0x00007ffd618f6f18, length=0, elements={
}

Java Threads: ( => current thread )

Other Threads:
  0x000001c9b7488a00 GCTaskThread "GC Thread#0" [stack: 0x0000000671600000,0x0000000671700000] [id=14472]
  0x000001c9b7491860 ConcurrentGCThread "G1 Main Marker" [stack: 0x0000000671700000,0x0000000671800000] [id=25776]
  0x000001c9b7492190 ConcurrentGCThread "G1 Conc#0" [stack: 0x0000000671800000,0x0000000671900000] [id=38248]

[error occurred during error reporting (printing all threads), id 0xc0000005, EXCEPTION_ACCESS_VIOLATION (0xc0000005) at pc=0x00007ffd610af697]

VM state: not at safepoint (not fully initialized)

VM Mutex/Monitor currently owned by a thread:  ([mutex/lock_event])
[0x000001c9b7445080] Heap_lock - owner thread: 0x000001c9b744c640

Heap address: 0x00000000c0000000, size: 1024 MB, Compressed Oops mode: 32-bit

CDS archive(s) mapped at: [0x0000000000000000-0x0000000000000000-0x0000000000000000), size 0, SharedBaseAddress: 0x0000000800000000, ArchiveRelocationMode: 1.
Narrow klass base: 0x0000000000000000, Narrow klass shift: 0, Narrow klass range: 0x0

GC Precious Log:
<Empty>

Heap:
 garbage-first heap   total 0K, used 0K [0x00000000c0000000, 0x0000000100000000)
  region size 1024K, 0 young (0K), 0 survivors (0K)

[error occurred during error reporting (printing heap information), id 0xc0000005, EXCEPTION_ACCESS_VIOLATION (0xc0000005) at pc=0x00007ffd61498bf9]

GC Heap History (0 events):
No events

Dll operation events (1 events):
Event: 0.128 Loaded shared library c:\Users\57316\.vscode\extensions\redhat.java-1.35.0-win32-x64\jre\17.0.12-win32-x86_64\bin\java.dll

Deoptimization events (0 events):
No events

Classes loaded (0 events):
No events

Classes unloaded (0 events):
No events

Classes redefined (0 events):
No events

Internal exceptions (0 events):
No events

VM Operations (0 events):
No events

Events (0 events):
No events


Dynamic libraries:
0x00007ff779f70000 - 0x00007ff779f7e000 	c:\Users\57316\.vscode\extensions\redhat.java-1.35.0-win32-x64\jre\17.0.12-win32-x86_64\bin\java.exe
0x00007ffe4eff0000 - 0x00007ffe4f207000 	C:\WINDOWS\SYSTEM32\ntdll.dll
0x00007ffe4dbe0000 - 0x00007ffe4dca4000 	C:\WINDOWS\System32\KERNEL32.DLL
0x00007ffe4c970000 - 0x00007ffe4cd1d000 	C:\WINDOWS\System32\KERNELBASE.dll
0x00007ffe4c5e0000 - 0x00007ffe4c6f1000 	C:\WINDOWS\System32\ucrtbase.dll
0x00007ffe35df0000 - 0x00007ffe35e07000 	c:\Users\57316\.vscode\extensions\redhat.java-1.35.0-win32-x64\jre\17.0.12-win32-x86_64\bin\jli.dll
0x00007ffe4e1a0000 - 0x00007ffe4e34e000 	C:\WINDOWS\System32\USER32.dll
0x00007ffe4c700000 - 0x00007ffe4c726000 	C:\WINDOWS\System32\win32u.dll
0x00007ffe4cee0000 - 0x00007ffe4cf09000 	C:\WINDOWS\System32\GDI32.dll
0x00007ffe33050000 - 0x00007ffe3306b000 	c:\Users\57316\.vscode\extensions\redhat.java-1.35.0-win32-x64\jre\17.0.12-win32-x86_64\bin\VCRUNTIME140.dll
0x00007ffe35840000 - 0x00007ffe35ad3000 	C:\WINDOWS\WinSxS\amd64_microsoft.windows.common-controls_6595b64144ccf1df_6.0.22621.3672_none_2713b9d173822955\COMCTL32.dll
0x00007ffe4dcb0000 - 0x00007ffe4dd57000 	C:\WINDOWS\System32\msvcrt.dll
0x00007ffe4c7d0000 - 0x00007ffe4c8e9000 	C:\WINDOWS\System32\gdi32full.dll
0x00007ffe4c540000 - 0x00007ffe4c5da000 	C:\WINDOWS\System32\msvcp_win.dll
0x00007ffe4e440000 - 0x00007ffe4e471000 	C:\WINDOWS\System32\IMM32.DLL
0x00007ffe46030000 - 0x00007ffe4603c000 	c:\Users\57316\.vscode\extensions\redhat.java-1.35.0-win32-x64\jre\17.0.12-win32-x86_64\bin\vcruntime140_1.dll
0x00007ffdf3100000 - 0x00007ffdf318d000 	c:\Users\57316\.vscode\extensions\redhat.java-1.35.0-win32-x64\jre\17.0.12-win32-x86_64\bin\msvcp140.dll
0x00007ffd60dc0000 - 0x00007ffd61a2a000 	c:\Users\57316\.vscode\extensions\redhat.java-1.35.0-win32-x64\jre\17.0.12-win32-x86_64\bin\server\jvm.dll
0x00007ffe4e380000 - 0x00007ffe4e432000 	C:\WINDOWS\System32\ADVAPI32.dll
0x00007ffe4df60000 - 0x00007ffe4e009000 	C:\WINDOWS\System32\sechost.dll
0x00007ffe4c7a0000 - 0x00007ffe4c7c8000 	C:\WINDOWS\System32\bcrypt.dll
0x00007ffe4d380000 - 0x00007ffe4d494000 	C:\WINDOWS\System32\RPCRT4.dll
0x00007ffe4ee80000 - 0x00007ffe4eef1000 	C:\WINDOWS\System32\WS2_32.dll
0x00007ffe4ba30000 - 0x00007ffe4ba7d000 	C:\WINDOWS\SYSTEM32\POWRPROF.dll
0x00007ffe426e0000 - 0x00007ffe42714000 	C:\WINDOWS\SYSTEM32\WINMM.dll
0x00007ffe42a70000 - 0x00007ffe42a7a000 	C:\WINDOWS\SYSTEM32\VERSION.dll
0x00007ffe4b8d0000 - 0x00007ffe4b8e3000 	C:\WINDOWS\SYSTEM32\UMPDC.dll
0x00007ffe4b320000 - 0x00007ffe4b338000 	C:\WINDOWS\SYSTEM32\kernel.appcore.dll
0x00007ffe32390000 - 0x00007ffe3239a000 	c:\Users\57316\.vscode\extensions\redhat.java-1.35.0-win32-x64\jre\17.0.12-win32-x86_64\bin\jimage.dll
0x00007ffe499c0000 - 0x00007ffe49bf2000 	C:\WINDOWS\SYSTEM32\DBGHELP.DLL
0x00007ffe4cff0000 - 0x00007ffe4d37e000 	C:\WINDOWS\System32\combase.dll
0x00007ffe4cf10000 - 0x00007ffe4cfe7000 	C:\WINDOWS\System32\OLEAUT32.dll
0x00007ffe22360000 - 0x00007ffe22392000 	C:\WINDOWS\SYSTEM32\dbgcore.DLL
0x00007ffe4c8f0000 - 0x00007ffe4c96b000 	C:\WINDOWS\System32\bcryptPrimitives.dll
0x00007ffe02d40000 - 0x00007ffe02d65000 	c:\Users\57316\.vscode\extensions\redhat.java-1.35.0-win32-x64\jre\17.0.12-win32-x86_64\bin\java.dll

dbghelp: loaded successfully - version: 4.0.5 - missing functions: none
symbol engine: initialized successfully - sym options: 0x614 - pdb path: .;c:\Users\57316\.vscode\extensions\redhat.java-1.35.0-win32-x64\jre\17.0.12-win32-x86_64\bin;C:\WINDOWS\SYSTEM32;C:\WINDOWS\WinSxS\amd64_microsoft.windows.common-controls_6595b64144ccf1df_6.0.22621.3672_none_2713b9d173822955;c:\Users\57316\.vscode\extensions\redhat.java-1.35.0-win32-x64\jre\17.0.12-win32-x86_64\bin\server

VM Arguments:
jvm_args: -Xmx1024m -Dsts.lsp.client=vscode -Dsts.log.file=/dev/null -XX:TieredStopAtLevel=1 -Xlog:jni+resolve=off 
java_command: c:\Users\57316\.vscode\extensions\vmware.vscode-spring-boot-1.57.0\language-server\spring-boot-language-server-1.57.0-SNAPSHOT-exec.jar
java_class_path (initial): c:\Users\57316\.vscode\extensions\vmware.vscode-spring-boot-1.57.0\language-server\spring-boot-language-server-1.57.0-SNAPSHOT-exec.jar
Launcher Type: SUN_STANDARD

[Global flags]
     intx CICompilerCount                          = 4                                         {product} {ergonomic}
     uint ConcGCThreads                            = 2                                         {product} {ergonomic}
     uint G1ConcRefinementThreads                  = 8                                         {product} {ergonomic}
   size_t G1HeapRegionSize                         = 1048576                                   {product} {ergonomic}
    uintx GCDrainStackTargetSize                   = 64                                        {product} {ergonomic}
   size_t InitialHeapSize                          = 132120576                                 {product} {ergonomic}
   size_t MarkStackSize                            = 4194304                                   {product} {ergonomic}
   size_t MaxHeapSize                              = 1073741824                                {product} {command line}
   size_t MinHeapDeltaBytes                        = 1048576                                   {product} {ergonomic}
   size_t MinHeapSize                              = 8388608                                   {product} {ergonomic}
    uintx NonProfiledCodeHeapSize                  = 0                                      {pd product} {ergonomic}
     bool ProfileInterpreter                       = false                                  {pd product} {command line}
    uintx ProfiledCodeHeapSize                     = 0                                      {pd product} {ergonomic}
   size_t SoftMaxHeapSize                          = 1073741824                             {manageable} {ergonomic}
     intx TieredStopAtLevel                        = 1                                         {product} {command line}
     bool UseCompressedClassPointers               = true                           {product lp64_product} {ergonomic}
     bool UseCompressedOops                        = true                           {product lp64_product} {ergonomic}
     bool UseG1GC                                  = true                                      {product} {ergonomic}
     bool UseLargePagesIndividualAllocation        = false                                  {pd product} {ergonomic}

Logging:
Log output configuration:
 #0: stdout all=warning,jni+resolve=off uptime,level,tags (reconfigured)
 #1: stderr all=off uptime,level,tags

Environment Variables:
PATH=C:\Users\57316\AppData\Local\cloud-code\installer\google-cloud-sdk\bin;C:\Program Files (x86)\VMware\VMware Player\bin\;C:\Python311\Scripts\;C:\Python311\;C:\Users\57316\AppData\Local\Programs\Python\Python310;C:\Users\57316\AppData\Local\Programs\Python\Python310\Scripts;C:\Program Files\Common Files\Oracle\Java\javapath;C:\Program Files (x86)\Common Files\Oracle\Java\javapath;C:\Windows\system32;C:\Windows;C:\Windows\System32\Wbem;C:\Windows\System32\WindowsPowerShell\v1.0\;C:\Windows\System32\OpenSSH\;C:\Program Files (x86)\NVIDIA Corporation\PhysX\Common;C:\Program Files\NVIDIA Corporation\NVIDIA NvDLISR;C:\Program Files\PuTTY\;C:\Program Files (x86)\Certbot\bin;C:\Program Files\dotnet\;C:\WINDOWS\system32;C:\WINDOWS;C:\WINDOWS\System32\Wbem;C:\WINDOWS\System32\WindowsPowerShell\v1.0\;C:\WINDOWS\System32\OpenSSH\;C:\msys64\mingw32\bin;C:\Program Files\Git\cmd;C:\Users\57316\AppData\Local\Programs\XAMPP\php;C:\ProgramData\ComposerSetup\bin;C:\ProgramData\chocolatey\bin;C:\Program Files\nodejs\;C:\Program Files\Google\Cloud SDK\google-cloud-sdk\bin;C:\Program Files\Docker\Docker\resources\bin;C:\Program Files\MySQL\MySQL Server 8.0\bin;C:\Program Files\gradle-8.10.2\bin;C:\Users\57316\AppData\Local\Programs\Python\Python311\Scripts;C:\Users\57316\AppData\Local\Programs\Python\Python311;C:\Users\57316\AppData\Local\Microsoft\WindowsApps;C:\Users\57316\AppData\Local\GitHubDesktop\bin;C:\ProgramData\57316\GitHubDesktop\bin;C:\Users\57316\AppData\Local\Programs\MiKTeX\miktex\bin\x64\;C:\Users\57316\AppData\Roaming\Composer\vendor\bin;C:\Users\57316\AppData\Local\Programs\Microsoft VS Code\bin;C:\src\flutter\bin;C:\Users\57316\src\flutter\bin;C:\Users\57316\AppData\Local\Android\Sdk\platform-tools;C:\Program Files\Java\jdk-15.0.2;C:\Users\57316\AppData\Roaming\npm;C:\Users\57316\AppData\Local\Google\Cloud SDK\google-cloud-sdk\bin;C:\Users\57316\AppData\Local\Google\Cloud SDK;;D:\IntelliJ IDEA 2024.2.3\bin;;C:\Users\57316\AppData\Local\Google\Cloud SDK\google-cloud-s
USERNAME=57316
OS=Windows_NT
PROCESSOR_IDENTIFIER=Intel64 Family 6 Model 158 Stepping 10, GenuineIntel
TMP=C:\Users\57316\AppData\Local\Temp
TEMP=C:\Users\57316\AppData\Local\Temp



Periodic native trim disabled


---------------  S Y S T E M  ---------------

OS:
 Windows 11 , 64 bit Build 22621 (10.0.22621.3958)
OS uptime: 15 days 17:48 hours
Hyper-V role detected

CPU: total 8 (initial active 8) (4 cores per cpu, 2 threads per core) family 6 model 158 stepping 10 microcode 0xde, cx8, cmov, fxsr, ht, mmx, 3dnowpref, sse, sse2, sse3, ssse3, sse4.1, sse4.2, popcnt, lzcnt, tsc, tscinvbit, avx, avx2, aes, erms, clmul, bmi1, bmi2, adx, fma, vzeroupper, clflush, clflushopt, hv
Processor Information for all 8 processors :
  Max Mhz: 2400, Current Mhz: 2400, Mhz Limit: 2400

Memory: 4k page, system-wide physical 8043M (471M free)
TotalPageFile size 32619M (AvailPageFile size 58M)
current process WorkingSet (physical memory assigned to process): 11M, peak: 11M
current process commit charge ("private bytes"): 55M, peak: 180M

vm_info: OpenJDK 64-Bit Server VM (17.0.12+7) for windows-amd64 JRE (17.0.12+7), built on Jul 16 2024 22:08:24 by "admin" with MS VC++ 16.10 / 16.11 (VS2019)

END.
